This file contains any messages produced by compilers while
running configure, to aid debugging if configure makes a mistake.

It was created by multicore-hashjoins configure 0.1, which was
generated by GNU Autoconf 2.69.  Invocation command line was

  $ ./configure --enable-key8B=yes --enable-paddedbucket=yes --enable-prefetch-npj=no --enable-murmur-hash=no --enable-swwc-part=yes --enable-separate-chain=yes

## --------- ##
## Platform. ##
## --------- ##

hostname = dev5.db
uname -m = x86_64
uname -r = 4.4.0-96-generic
uname -s = Linux
uname -v = #119-Ubuntu SMP Tue Sep 12 14:59:54 UTC 2017

/usr/bin/uname -p = unknown
/bin/uname -X     = unknown

/bin/arch              = unknown
/usr/bin/arch -k       = unknown
/usr/convex/getsysinfo = unknown
/usr/bin/hostinfo      = unknown
/bin/machine           = unknown
/usr/bin/oslevel       = unknown
/bin/universe          = unknown

PATH: /opt/intel/vtune_amplifier_xe_2017.4.0.518798/bin64
PATH: /opt/intel/vtune_amplifier_xe_2017.4.0.518798/bin64
PATH: /usr/local/sbin
PATH: /usr/local/bin
PATH: /usr/sbin
PATH: /usr/bin
PATH: /sbin
PATH: /bin
PATH: /usr/games
PATH: /usr/local/games
PATH: /snap/bin
PATH: /snap/bin


## ----------- ##
## Core tests. ##
## ----------- ##

configure:2424: checking for a BSD-compatible install
configure:2492: result: /usr/bin/install -c
configure:2503: checking whether build environment is sane
configure:2558: result: yes
configure:2596: WARNING: 'missing' script is too old or missing
configure:2709: checking for a thread-safe mkdir -p
configure:2748: result: /bin/mkdir -p
configure:2755: checking for gawk
configure:2771: found /usr/bin/gawk
configure:2782: result: gawk
configure:2793: checking whether make sets $(MAKE)
configure:2815: result: yes
configure:2844: checking whether make supports nested variables
configure:2861: result: yes
configure:3042: checking for gcc
configure:3058: found /usr/bin/gcc
configure:3069: result: gcc
configure:3298: checking for C compiler version
configure:3307: gcc --version >&5
gcc (Ubuntu 5.4.0-6ubuntu1~16.04.4) 5.4.0 20160609
Copyright (C) 2015 Free Software Foundation, Inc.
This is free software; see the source for copying conditions.  There is NO
warranty; not even for MERCHANTABILITY or FITNESS FOR A PARTICULAR PURPOSE.

configure:3318: $? = 0
configure:3307: gcc -v >&5
Using built-in specs.
COLLECT_GCC=gcc
COLLECT_LTO_WRAPPER=/usr/lib/gcc/x86_64-linux-gnu/5/lto-wrapper
Target: x86_64-linux-gnu
Configured with: ../src/configure -v --with-pkgversion='Ubuntu 5.4.0-6ubuntu1~16.04.4' --with-bugurl=file:///usr/share/doc/gcc-5/README.Bugs --enable-languages=c,ada,c++,java,go,d,fortran,objc,obj-c++ --prefix=/usr --program-suffix=-5 --enable-shared --enable-linker-build-id --libexecdir=/usr/lib --without-included-gettext --enable-threads=posix --libdir=/usr/lib --enable-nls --with-sysroot=/ --enable-clocale=gnu --enable-libstdcxx-debug --enable-libstdcxx-time=yes --with-default-libstdcxx-abi=new --enable-gnu-unique-object --disable-vtable-verify --enable-libmpx --enable-plugin --with-system-zlib --disable-browser-plugin --enable-java-awt=gtk --enable-gtk-cairo --with-java-home=/usr/lib/jvm/java-1.5.0-gcj-5-amd64/jre --enable-java-home --with-jvm-root-dir=/usr/lib/jvm/java-1.5.0-gcj-5-amd64 --with-jvm-jar-dir=/usr/lib/jvm-exports/java-1.5.0-gcj-5-amd64 --with-arch-directory=amd64 --with-ecj-jar=/usr/share/java/eclipse-ecj.jar --enable-objc-gc --enable-multiarch --disable-werror --with-arch-32=i686 --with-abi=m64 --with-multilib-list=m32,m64,mx32 --enable-multilib --with-tune=generic --enable-checking=release --build=x86_64-linux-gnu --host=x86_64-linux-gnu --target=x86_64-linux-gnu
Thread model: posix
gcc version 5.4.0 20160609 (Ubuntu 5.4.0-6ubuntu1~16.04.4) 
configure:3318: $? = 0
configure:3307: gcc -V >&5
gcc: error: unrecognized command line option '-V'
gcc: fatal error: no input files
compilation terminated.
configure:3318: $? = 1
configure:3307: gcc -qversion >&5
gcc: error: unrecognized command line option '-qversion'
gcc: fatal error: no input files
compilation terminated.
configure:3318: $? = 1
configure:3338: checking whether the C compiler works
configure:3360: gcc    conftest.c  >&5
configure:3364: $? = 0
configure:3412: result: yes
configure:3415: checking for C compiler default output file name
configure:3417: result: a.out
configure:3423: checking for suffix of executables
configure:3430: gcc -o conftest    conftest.c  >&5
configure:3434: $? = 0
configure:3456: result: 
configure:3478: checking whether we are cross compiling
configure:3486: gcc -o conftest    conftest.c  >&5
configure:3490: $? = 0
configure:3497: ./conftest
configure:3501: $? = 0
configure:3516: result: no
configure:3521: checking for suffix of object files
configure:3543: gcc -c   conftest.c >&5
configure:3547: $? = 0
configure:3568: result: o
configure:3572: checking whether we are using the GNU C compiler
configure:3591: gcc -c   conftest.c >&5
configure:3591: $? = 0
configure:3600: result: yes
configure:3609: checking whether gcc accepts -g
configure:3629: gcc -c -g  conftest.c >&5
configure:3629: $? = 0
configure:3670: result: yes
configure:3687: checking for gcc option to accept ISO C89
configure:3750: gcc  -c -g -O2  conftest.c >&5
configure:3750: $? = 0
configure:3763: result: none needed
configure:3788: checking whether gcc understands -c and -o together
configure:3810: gcc -c conftest.c -o conftest2.o
configure:3813: $? = 0
configure:3810: gcc -c conftest.c -o conftest2.o
configure:3813: $? = 0
configure:3825: result: yes
configure:3853: checking for style of include used by make
configure:3881: result: GNU
configure:3907: checking dependency style of gcc
configure:4018: result: gcc3
configure:4091: checking for g++
configure:4107: found /usr/bin/g++
configure:4118: result: g++
configure:4145: checking for C++ compiler version
configure:4154: g++ --version >&5
g++ (Ubuntu 5.4.0-6ubuntu1~16.04.4) 5.4.0 20160609
Copyright (C) 2015 Free Software Foundation, Inc.
This is free software; see the source for copying conditions.  There is NO
warranty; not even for MERCHANTABILITY or FITNESS FOR A PARTICULAR PURPOSE.

configure:4165: $? = 0
configure:4154: g++ -v >&5
Using built-in specs.
COLLECT_GCC=g++
COLLECT_LTO_WRAPPER=/usr/lib/gcc/x86_64-linux-gnu/5/lto-wrapper
Target: x86_64-linux-gnu
Configured with: ../src/configure -v --with-pkgversion='Ubuntu 5.4.0-6ubuntu1~16.04.4' --with-bugurl=file:///usr/share/doc/gcc-5/README.Bugs --enable-languages=c,ada,c++,java,go,d,fortran,objc,obj-c++ --prefix=/usr --program-suffix=-5 --enable-shared --enable-linker-build-id --libexecdir=/usr/lib --without-included-gettext --enable-threads=posix --libdir=/usr/lib --enable-nls --with-sysroot=/ --enable-clocale=gnu --enable-libstdcxx-debug --enable-libstdcxx-time=yes --with-default-libstdcxx-abi=new --enable-gnu-unique-object --disable-vtable-verify --enable-libmpx --enable-plugin --with-system-zlib --disable-browser-plugin --enable-java-awt=gtk --enable-gtk-cairo --with-java-home=/usr/lib/jvm/java-1.5.0-gcj-5-amd64/jre --enable-java-home --with-jvm-root-dir=/usr/lib/jvm/java-1.5.0-gcj-5-amd64 --with-jvm-jar-dir=/usr/lib/jvm-exports/java-1.5.0-gcj-5-amd64 --with-arch-directory=amd64 --with-ecj-jar=/usr/share/java/eclipse-ecj.jar --enable-objc-gc --enable-multiarch --disable-werror --with-arch-32=i686 --with-abi=m64 --with-multilib-list=m32,m64,mx32 --enable-multilib --with-tune=generic --enable-checking=release --build=x86_64-linux-gnu --host=x86_64-linux-gnu --target=x86_64-linux-gnu
Thread model: posix
gcc version 5.4.0 20160609 (Ubuntu 5.4.0-6ubuntu1~16.04.4) 
configure:4165: $? = 0
configure:4154: g++ -V >&5
g++: error: unrecognized command line option '-V'
g++: fatal error: no input files
compilation terminated.
configure:4165: $? = 1
configure:4154: g++ -qversion >&5
g++: error: unrecognized command line option '-qversion'
g++: fatal error: no input files
compilation terminated.
configure:4165: $? = 1
configure:4169: checking whether we are using the GNU C++ compiler
configure:4188: g++ -c   conftest.cpp >&5
configure:4188: $? = 0
configure:4197: result: yes
configure:4206: checking whether g++ accepts -g
configure:4226: g++ -c -g  conftest.cpp >&5
configure:4226: $? = 0
configure:4267: result: yes
configure:4292: checking dependency style of g++
configure:4403: result: gcc3
configure:4418: checking whether make sets $(MAKE)
configure:4440: result: yes
configure:4457: checking how to run the C preprocessor
configure:4488: gcc -E  conftest.c
configure:4488: $? = 0
configure:4502: gcc -E  conftest.c
conftest.c:11:28: fatal error: ac_nonexistent.h: No such file or directory
compilation terminated.
configure:4502: $? = 1
configure: failed program was:
| /* confdefs.h */
| #define PACKAGE_NAME "multicore-hashjoins"
| #define PACKAGE_TARNAME "multicore-hashjoins"
| #define PACKAGE_VERSION "0.1"
| #define PACKAGE_STRING "multicore-hashjoins 0.1"
| #define PACKAGE_BUGREPORT "cagri.balkesen@inf.ethz.ch"
| #define PACKAGE_URL ""
| #define PACKAGE "multicore-hashjoins"
| #define VERSION "0.1"
| /* end confdefs.h.  */
| #include <ac_nonexistent.h>
configure:4527: result: gcc -E
configure:4547: gcc -E  conftest.c
configure:4547: $? = 0
configure:4561: gcc -E  conftest.c
conftest.c:11:28: fatal error: ac_nonexistent.h: No such file or directory
compilation terminated.
configure:4561: $? = 1
configure: failed program was:
| /* confdefs.h */
| #define PACKAGE_NAME "multicore-hashjoins"
| #define PACKAGE_TARNAME "multicore-hashjoins"
| #define PACKAGE_VERSION "0.1"
| #define PACKAGE_STRING "multicore-hashjoins 0.1"
| #define PACKAGE_BUGREPORT "cagri.balkesen@inf.ethz.ch"
| #define PACKAGE_URL ""
| #define PACKAGE "multicore-hashjoins"
| #define VERSION "0.1"
| /* end confdefs.h.  */
| #include <ac_nonexistent.h>
configure:4590: checking for grep that handles long lines and -e
configure:4648: result: /bin/grep
configure:4653: checking for egrep
configure:4715: result: /bin/grep -E
configure:4720: checking for ANSI C header files
configure:4740: gcc -c -g -O2  conftest.c >&5
configure:4740: $? = 0
configure:4813: gcc -o conftest -g -O2   conftest.c  >&5
configure:4813: $? = 0
configure:4813: ./conftest
configure:4813: $? = 0
configure:4824: result: yes
configure:4837: checking for sys/types.h
configure:4837: gcc -c -g -O2  conftest.c >&5
configure:4837: $? = 0
configure:4837: result: yes
configure:4837: checking for sys/stat.h
configure:4837: gcc -c -g -O2  conftest.c >&5
configure:4837: $? = 0
configure:4837: result: yes
configure:4837: checking for stdlib.h
configure:4837: gcc -c -g -O2  conftest.c >&5
configure:4837: $? = 0
configure:4837: result: yes
configure:4837: checking for string.h
configure:4837: gcc -c -g -O2  conftest.c >&5
configure:4837: $? = 0
configure:4837: result: yes
configure:4837: checking for memory.h
configure:4837: gcc -c -g -O2  conftest.c >&5
configure:4837: $? = 0
configure:4837: result: yes
configure:4837: checking for strings.h
configure:4837: gcc -c -g -O2  conftest.c >&5
configure:4837: $? = 0
configure:4837: result: yes
configure:4837: checking for inttypes.h
configure:4837: gcc -c -g -O2  conftest.c >&5
configure:4837: $? = 0
configure:4837: result: yes
configure:4837: checking for stdint.h
configure:4837: gcc -c -g -O2  conftest.c >&5
configure:4837: $? = 0
configure:4837: result: yes
configure:4837: checking for unistd.h
configure:4837: gcc -c -g -O2  conftest.c >&5
configure:4837: $? = 0
configure:4837: result: yes
configure:4852: checking for stdint.h
configure:4852: result: yes
configure:4852: checking for stdlib.h
configure:4852: result: yes
configure:4852: checking for string.h
configure:4852: result: yes
configure:4852: checking sys/time.h usability
configure:4852: gcc -c -g -O2  conftest.c >&5
configure:4852: $? = 0
configure:4852: result: yes
configure:4852: checking sys/time.h presence
configure:4852: gcc -E  conftest.c
configure:4852: $? = 0
configure:4852: result: yes
configure:4852: checking for sys/time.h
configure:4852: result: yes
configure:4852: checking for unistd.h
configure:4852: result: yes
configure:4864: checking for inline
configure:4880: gcc -c -g -O2  conftest.c >&5
configure:4880: $? = 0
configure:4888: result: inline
configure:4906: checking for int32_t
configure:4906: gcc -c -g -O2  conftest.c >&5
configure:4906: $? = 0
configure:4906: gcc -c -g -O2  conftest.c >&5
conftest.c: In function 'main':
conftest.c:64:53: warning: integer overflow in expression [-Woverflow]
    < (int32_t) (((((int32_t) 1 << N) << N) - 1) * 2 + 2))];
                                                     ^
conftest.c:63:12: error: storage size of 'test_array' isn't constant
 static int test_array [1 - 2 * !((int32_t) (((((int32_t) 1 << N) << N) - 1) * 2 + 1)
            ^
configure:4906: $? = 1
configure: failed program was:
| /* confdefs.h */
| #define PACKAGE_NAME "multicore-hashjoins"
| #define PACKAGE_TARNAME "multicore-hashjoins"
| #define PACKAGE_VERSION "0.1"
| #define PACKAGE_STRING "multicore-hashjoins 0.1"
| #define PACKAGE_BUGREPORT "cagri.balkesen@inf.ethz.ch"
| #define PACKAGE_URL ""
| #define PACKAGE "multicore-hashjoins"
| #define VERSION "0.1"
| #define STDC_HEADERS 1
| #define HAVE_SYS_TYPES_H 1
| #define HAVE_SYS_STAT_H 1
| #define HAVE_STDLIB_H 1
| #define HAVE_STRING_H 1
| #define HAVE_MEMORY_H 1
| #define HAVE_STRINGS_H 1
| #define HAVE_INTTYPES_H 1
| #define HAVE_STDINT_H 1
| #define HAVE_UNISTD_H 1
| #define HAVE_STDINT_H 1
| #define HAVE_STDLIB_H 1
| #define HAVE_STRING_H 1
| #define HAVE_SYS_TIME_H 1
| #define HAVE_UNISTD_H 1
| /* end confdefs.h.  */
| #include <stdio.h>
| #ifdef HAVE_SYS_TYPES_H
| # include <sys/types.h>
| #endif
| #ifdef HAVE_SYS_STAT_H
| # include <sys/stat.h>
| #endif
| #ifdef STDC_HEADERS
| # include <stdlib.h>
| # include <stddef.h>
| #else
| # ifdef HAVE_STDLIB_H
| #  include <stdlib.h>
| # endif
| #endif
| #ifdef HAVE_STRING_H
| # if !defined STDC_HEADERS && defined HAVE_MEMORY_H
| #  include <memory.h>
| # endif
| # include <string.h>
| #endif
| #ifdef HAVE_STRINGS_H
| # include <strings.h>
| #endif
| #ifdef HAVE_INTTYPES_H
| # include <inttypes.h>
| #endif
| #ifdef HAVE_STDINT_H
| # include <stdint.h>
| #endif
| #ifdef HAVE_UNISTD_H
| # include <unistd.h>
| #endif
| 	        enum { N = 32 / 2 - 1 };
| int
| main ()
| {
| static int test_array [1 - 2 * !((int32_t) (((((int32_t) 1 << N) << N) - 1) * 2 + 1)
| 		 < (int32_t) (((((int32_t) 1 << N) << N) - 1) * 2 + 2))];
| test_array [0] = 0;
| return test_array [0];
| 
|   ;
|   return 0;
| }
configure:4906: result: yes
configure:4917: checking for int64_t
configure:4917: gcc -c -g -O2  conftest.c >&5
configure:4917: $? = 0
configure:4917: gcc -c -g -O2  conftest.c >&5
conftest.c: In function 'main':
conftest.c:64:53: warning: integer overflow in expression [-Woverflow]
    < (int64_t) (((((int64_t) 1 << N) << N) - 1) * 2 + 2))];
                                                     ^
conftest.c:63:12: error: storage size of 'test_array' isn't constant
 static int test_array [1 - 2 * !((int64_t) (((((int64_t) 1 << N) << N) - 1) * 2 + 1)
            ^
configure:4917: $? = 1
configure: failed program was:
| /* confdefs.h */
| #define PACKAGE_NAME "multicore-hashjoins"
| #define PACKAGE_TARNAME "multicore-hashjoins"
| #define PACKAGE_VERSION "0.1"
| #define PACKAGE_STRING "multicore-hashjoins 0.1"
| #define PACKAGE_BUGREPORT "cagri.balkesen@inf.ethz.ch"
| #define PACKAGE_URL ""
| #define PACKAGE "multicore-hashjoins"
| #define VERSION "0.1"
| #define STDC_HEADERS 1
| #define HAVE_SYS_TYPES_H 1
| #define HAVE_SYS_STAT_H 1
| #define HAVE_STDLIB_H 1
| #define HAVE_STRING_H 1
| #define HAVE_MEMORY_H 1
| #define HAVE_STRINGS_H 1
| #define HAVE_INTTYPES_H 1
| #define HAVE_STDINT_H 1
| #define HAVE_UNISTD_H 1
| #define HAVE_STDINT_H 1
| #define HAVE_STDLIB_H 1
| #define HAVE_STRING_H 1
| #define HAVE_SYS_TIME_H 1
| #define HAVE_UNISTD_H 1
| /* end confdefs.h.  */
| #include <stdio.h>
| #ifdef HAVE_SYS_TYPES_H
| # include <sys/types.h>
| #endif
| #ifdef HAVE_SYS_STAT_H
| # include <sys/stat.h>
| #endif
| #ifdef STDC_HEADERS
| # include <stdlib.h>
| # include <stddef.h>
| #else
| # ifdef HAVE_STDLIB_H
| #  include <stdlib.h>
| # endif
| #endif
| #ifdef HAVE_STRING_H
| # if !defined STDC_HEADERS && defined HAVE_MEMORY_H
| #  include <memory.h>
| # endif
| # include <string.h>
| #endif
| #ifdef HAVE_STRINGS_H
| # include <strings.h>
| #endif
| #ifdef HAVE_INTTYPES_H
| # include <inttypes.h>
| #endif
| #ifdef HAVE_STDINT_H
| # include <stdint.h>
| #endif
| #ifdef HAVE_UNISTD_H
| # include <unistd.h>
| #endif
| 	        enum { N = 64 / 2 - 1 };
| int
| main ()
| {
| static int test_array [1 - 2 * !((int64_t) (((((int64_t) 1 << N) << N) - 1) * 2 + 1)
| 		 < (int64_t) (((((int64_t) 1 << N) << N) - 1) * 2 + 2))];
| test_array [0] = 0;
| return test_array [0];
| 
|   ;
|   return 0;
| }
configure:4917: result: yes
configure:4928: checking for C/C++ restrict keyword
configure:4953: gcc -c -g -O2  conftest.c >&5
configure:4953: $? = 0
configure:4961: result: __restrict
configure:4974: checking for uint32_t
configure:4974: gcc -c -g -O2  conftest.c >&5
configure:4974: $? = 0
configure:4974: result: yes
configure:4988: checking for uint64_t
configure:4988: gcc -c -g -O2  conftest.c >&5
configure:4988: $? = 0
configure:4988: result: yes
configure:5004: checking for pow in -lm
configure:5029: gcc -o conftest -g -O2   conftest.c -lm   >&5
conftest.c:34:6: warning: conflicting types for built-in function 'pow'
 char pow ();
      ^
configure:5029: $? = 0
configure:5038: result: yes
configure:5054: checking for pthread_mutex_init in -lpthread
configure:5079: gcc -o conftest -g -O2   conftest.c -lpthread  -lm  >&5
configure:5079: $? = 0
configure:5088: result: yes
configure:5103: checking for error_at_line
configure:5119: gcc -o conftest -g -O2   conftest.c -lpthread -lm  >&5
configure:5119: $? = 0
configure:5127: result: yes
configure:5140: checking for stdlib.h
configure:5140: result: yes
configure:5150: checking for GNU libc compatible malloc
configure:5174: gcc -o conftest -g -O2   conftest.c -lpthread -lm  >&5
configure:5174: $? = 0
configure:5174: ./conftest
configure:5174: $? = 0
configure:5184: result: yes
configure:5208: checking for gettimeofday
configure:5208: gcc -o conftest -g -O2   conftest.c -lpthread -lm  >&5
configure:5208: $? = 0
configure:5208: result: yes
configure:5208: checking for memset
configure:5208: gcc -o conftest -g -O2   conftest.c -lpthread -lm  >&5
conftest.c:55:6: warning: conflicting types for built-in function 'memset'
 char memset ();
      ^
configure:5208: $? = 0
configure:5208: result: yes
configure:5208: checking for pow
configure:5208: gcc -o conftest -g -O2   conftest.c -lpthread -lm  >&5
conftest.c:56:6: warning: conflicting types for built-in function 'pow'
 char pow ();
      ^
configure:5208: $? = 0
configure:5208: result: yes
configure:5220: checking for pthread_attr_setaffinity_np
configure:5220: gcc -o conftest -g -O2   conftest.c -lpthread -lm  >&5
configure:5220: $? = 0
configure:5220: result: yes
configure:5220: checking for pthread_barrier_wait
configure:5220: gcc -o conftest -g -O2   conftest.c -lpthread -lm  >&5
configure:5220: $? = 0
configure:5220: result: yes
configure:5545: checking that generated files are newer than configure
configure:5551: result: done
configure:5622: creating ./config.status

## ---------------------- ##
## Running config.status. ##
## ---------------------- ##

This file was extended by multicore-hashjoins config.status 0.1, which was
generated by GNU Autoconf 2.69.  Invocation command line was

  CONFIG_FILES    = 
  CONFIG_HEADERS  = 
  CONFIG_LINKS    = 
  CONFIG_COMMANDS = 
  $ ./config.status 

on dev5.db

config.status:897: creating Makefile
config.status:897: creating src/Makefile
config.status:897: creating config.h
config.status:1078: config.h is unchanged
config.status:1126: executing depfiles commands

## ---------------- ##
## Cache variables. ##
## ---------------- ##

ac_cv_c_compiler_gnu=yes
ac_cv_c_inline=inline
ac_cv_c_int32_t=yes
ac_cv_c_int64_t=yes
ac_cv_c_restrict=__restrict
ac_cv_c_uint32_t=yes
ac_cv_c_uint64_t=yes
ac_cv_cxx_compiler_gnu=yes
ac_cv_env_CCC_set=
ac_cv_env_CCC_value=
ac_cv_env_CC_set=
ac_cv_env_CC_value=
ac_cv_env_CFLAGS_set=
ac_cv_env_CFLAGS_value=
ac_cv_env_CPPFLAGS_set=
ac_cv_env_CPPFLAGS_value=
ac_cv_env_CPP_set=
ac_cv_env_CPP_value=
ac_cv_env_CXXFLAGS_set=
ac_cv_env_CXXFLAGS_value=
ac_cv_env_CXX_set=
ac_cv_env_CXX_value=
ac_cv_env_LDFLAGS_set=
ac_cv_env_LDFLAGS_value=
ac_cv_env_LIBS_set=
ac_cv_env_LIBS_value=
ac_cv_env_build_alias_set=
ac_cv_env_build_alias_value=
ac_cv_env_host_alias_set=
ac_cv_env_host_alias_value=
ac_cv_env_target_alias_set=
ac_cv_env_target_alias_value=
ac_cv_func_gettimeofday=yes
ac_cv_func_malloc_0_nonnull=yes
ac_cv_func_memset=yes
ac_cv_func_pow=yes
ac_cv_func_pthread_attr_setaffinity_np=yes
ac_cv_func_pthread_barrier_wait=yes
ac_cv_header_inttypes_h=yes
ac_cv_header_memory_h=yes
ac_cv_header_stdc=yes
ac_cv_header_stdint_h=yes
ac_cv_header_stdlib_h=yes
ac_cv_header_string_h=yes
ac_cv_header_strings_h=yes
ac_cv_header_sys_stat_h=yes
ac_cv_header_sys_time_h=yes
ac_cv_header_sys_types_h=yes
ac_cv_header_unistd_h=yes
ac_cv_lib_error_at_line=yes
ac_cv_lib_m_pow=yes
ac_cv_lib_pthread_pthread_mutex_init=yes
ac_cv_objext=o
ac_cv_path_EGREP='/bin/grep -E'
ac_cv_path_GREP=/bin/grep
ac_cv_path_install='/usr/bin/install -c'
ac_cv_path_mkdir=/bin/mkdir
ac_cv_prog_AWK=gawk
ac_cv_prog_CPP='gcc -E'
ac_cv_prog_ac_ct_CC=gcc
ac_cv_prog_ac_ct_CXX=g++
ac_cv_prog_cc_c89=
ac_cv_prog_cc_g=yes
ac_cv_prog_cxx_g=yes
ac_cv_prog_make_make_set=yes
am_cv_CC_dependencies_compiler_type=gcc3
am_cv_CXX_dependencies_compiler_type=gcc3
am_cv_make_support_nested_variables=yes
am_cv_prog_cc_c_o=yes

## ----------------- ##
## Output variables. ##
## ----------------- ##

ACLOCAL='aclocal-1.15'
AMDEPBACKSLASH='\'
AMDEP_FALSE='#'
AMDEP_TRUE=''
AMTAR='$${TAR-tar}'
AM_BACKSLASH='\'
AM_DEFAULT_V='$(AM_DEFAULT_VERBOSITY)'
AM_DEFAULT_VERBOSITY='1'
AM_V='$(V)'
AUTOCONF='autoconf'
AUTOHEADER='autoheader'
AUTOMAKE='automake-1.15'
AWK='gawk'
CC='gcc'
CCDEPMODE='depmode=gcc3'
CFLAGS='-g -O2'
CPP='gcc -E'
CPPFLAGS=''
CXX='g++'
CXXDEPMODE='depmode=gcc3'
CXXFLAGS='-g -O2'
CYGPATH_W='echo'
DEBUG_FALSE=''
DEBUG_TRUE='#'
DEFS='-DHAVE_CONFIG_H'
DEPDIR='.deps'
ECHO_C=''
ECHO_N='-n'
ECHO_T=''
EGREP='/bin/grep -E'
EXEEXT=''
GREP='/bin/grep'
INSTALL_DATA='${INSTALL} -m 644'
INSTALL_PROGRAM='${INSTALL}'
INSTALL_SCRIPT='${INSTALL}'
INSTALL_STRIP_PROGRAM='$(install_sh) -c -s'
KEY_8B_FALSE='#'
KEY_8B_TRUE=''
LDFLAGS=''
LIBOBJS=''
LIBS='-lpthread -lm '
LTLIBOBJS=''
MAKEINFO='makeinfo'
MKDIR_P='/bin/mkdir -p'
MURMUR_FALSE=''
MURMUR_TRUE='#'
NOTIMING_FALSE=''
NOTIMING_TRUE='#'
OBJEXT='o'
PACKAGE='multicore-hashjoins'
PACKAGE_BUGREPORT='cagri.balkesen@inf.ethz.ch'
PACKAGE_NAME='multicore-hashjoins'
PACKAGE_STRING='multicore-hashjoins 0.1'
PACKAGE_TARNAME='multicore-hashjoins'
PACKAGE_URL=''
PACKAGE_VERSION='0.1'
PADDEDBUCKET_FALSE='#'
PADDEDBUCKET_TRUE=''
PATH_SEPARATOR=':'
PERF_COUNTERS_FALSE=''
PERF_COUNTERS_TRUE='#'
PREFETCH_NPJ_FALSE=''
PREFETCH_NPJ_TRUE='#'
SEPARATE_CHAIN_FALSE='#'
SEPARATE_CHAIN_TRUE=''
SET_MAKE=''
SHELL='/bin/bash'
SKEW_HANDLING_FALSE=''
SKEW_HANDLING_TRUE='#'
STRIP=''
SYNCSTATS_FALSE=''
SYNCSTATS_TRUE='#'
USE_SWWC_OPTIMIZED_PART_FALSE='#'
USE_SWWC_OPTIMIZED_PART_TRUE=''
VERSION='0.1'
ac_ct_CC='gcc'
ac_ct_CXX='g++'
am__EXEEXT_FALSE=''
am__EXEEXT_TRUE='#'
am__fastdepCC_FALSE='#'
am__fastdepCC_TRUE=''
am__fastdepCXX_FALSE='#'
am__fastdepCXX_TRUE=''
am__include='include'
am__isrc=''
am__leading_dot='.'
am__nodep='_no'
am__quote=''
am__tar='$${TAR-tar} chof - "$$tardir"'
am__untar='$${TAR-tar} xf -'
bindir='${exec_prefix}/bin'
build_alias=''
datadir='${datarootdir}'
datarootdir='${prefix}/share'
docdir='${datarootdir}/doc/${PACKAGE_TARNAME}'
dvidir='${docdir}'
exec_prefix='${prefix}'
host_alias=''
htmldir='${docdir}'
includedir='${prefix}/include'
infodir='${datarootdir}/info'
install_sh='${SHELL} /home/pmenon/work/money-join/install-sh'
libdir='${exec_prefix}/lib'
libexecdir='${exec_prefix}/libexec'
localedir='${datarootdir}/locale'
localstatedir='${prefix}/var'
mandir='${datarootdir}/man'
mkdir_p='$(MKDIR_P)'
oldincludedir='/usr/include'
pdfdir='${docdir}'
prefix='/usr/local'
program_transform_name='s,x,x,'
psdir='${docdir}'
runstatedir='${localstatedir}/run'
sbindir='${exec_prefix}/sbin'
sharedstatedir='${prefix}/com'
sysconfdir='${prefix}/etc'
target_alias=''

## ----------- ##
## confdefs.h. ##
## ----------- ##

/* confdefs.h */
#define PACKAGE_NAME "multicore-hashjoins"
#define PACKAGE_TARNAME "multicore-hashjoins"
#define PACKAGE_VERSION "0.1"
#define PACKAGE_STRING "multicore-hashjoins 0.1"
#define PACKAGE_BUGREPORT "cagri.balkesen@inf.ethz.ch"
#define PACKAGE_URL ""
#define PACKAGE "multicore-hashjoins"
#define VERSION "0.1"
#define STDC_HEADERS 1
#define HAVE_SYS_TYPES_H 1
#define HAVE_SYS_STAT_H 1
#define HAVE_STDLIB_H 1
#define HAVE_STRING_H 1
#define HAVE_MEMORY_H 1
#define HAVE_STRINGS_H 1
#define HAVE_INTTYPES_H 1
#define HAVE_STDINT_H 1
#define HAVE_UNISTD_H 1
#define HAVE_STDINT_H 1
#define HAVE_STDLIB_H 1
#define HAVE_STRING_H 1
#define HAVE_SYS_TIME_H 1
#define HAVE_UNISTD_H 1
#define restrict __restrict
#define HAVE_LIBM 1
#define HAVE_LIBPTHREAD 1
#define HAVE_STDLIB_H 1
#define HAVE_MALLOC 1
#define HAVE_GETTIMEOFDAY 1
#define HAVE_MEMSET 1
#define HAVE_POW 1
#define HAVE_PTHREAD_ATTR_SETAFFINITY_NP 1
#define HAVE_PTHREAD_BARRIER_WAIT 1

configure: exit 0
